<?xml version="1.0" encoding="UTF-8"?>
<!-- Generated by org.testng.reporters.JUnitReportReporter -->
<testsuite skipped="3" hostname="DESKTOP-3RDL7KS" name="com.jobget.testcases.LaunchPageTest" tests="4" failures="0" timestamp="2022-01-24T18:45:05 IST" time="2.239" errors="1">
  <testcase name="setUp" time="2.239" classname="com.jobget.testcases.LaunchPageTest">
    <error type="java.lang.IllegalArgumentException" message="Can not set io.appium.java_client.MobileElement field com.jobget.pages.LaunchPage.logo to null value">
      <![CDATA[java.lang.IllegalArgumentException: Can not set io.appium.java_client.MobileElement field com.jobget.pages.LaunchPage.logo to null value
at sun.reflect.UnsafeFieldAccessorImpl.throwSetIllegalArgumentException(Unknown Source)
at sun.reflect.UnsafeFieldAccessorImpl.throwSetIllegalArgumentException(Unknown Source)
at sun.reflect.UnsafeObjectFieldAccessorImpl.set(Unknown Source)
at java.lang.reflect.Field.set(Unknown Source)
at org.openqa.selenium.support.PageFactory.proxyFields(PageFactory.java:117)
at org.openqa.selenium.support.PageFactory.initElements(PageFactory.java:105)
at com.jobget.pages.LaunchPage.<init>(LaunchPage.java:30)
at com.jobget.testcases.LaunchPageTest.setUp(LaunchPageTest.java:27)
at sun.reflect.NativeMethodAccessorImpl.invoke0(Native Method)
at sun.reflect.NativeMethodAccessorImpl.invoke(Unknown Source)
at sun.reflect.DelegatingMethodAccessorImpl.invoke(Unknown Source)
at java.lang.reflect.Method.invoke(Unknown Source)
at org.testng.internal.MethodInvocationHelper.invokeMethod(MethodInvocationHelper.java:133)
at org.testng.internal.MethodInvocationHelper.invokeMethodConsideringTimeout(MethodInvocationHelper.java:62)
at org.testng.internal.ConfigInvoker.invokeConfigurationMethod(ConfigInvoker.java:385)
at org.testng.internal.ConfigInvoker.invokeConfigurations(ConfigInvoker.java:321)
at org.testng.internal.TestMethodWorker.invokeBeforeClassMethods(TestMethodWorker.java:176)
at org.testng.internal.TestMethodWorker.run(TestMethodWorker.java:122)
at java.util.ArrayList.forEach(Unknown Source)
at org.testng.TestRunner.privateRun(TestRunner.java:794)
at org.testng.TestRunner.run(TestRunner.java:596)
at org.testng.SuiteRunner.runTest(SuiteRunner.java:377)
at org.testng.SuiteRunner.access$000(SuiteRunner.java:28)
at org.testng.SuiteRunner$SuiteWorker.run(SuiteRunner.java:418)
at org.testng.internal.thread.ThreadUtil.lambda$execute$0(ThreadUtil.java:64)
at java.util.concurrent.FutureTask.run(Unknown Source)
at java.util.concurrent.ThreadPoolExecutor.runWorker(Unknown Source)
at java.util.concurrent.ThreadPoolExecutor$Worker.run(Unknown Source)
at java.lang.Thread.run(Unknown Source)
]]>
    </error>
  </testcase> <!-- setUp -->
  <system-out/>
  <testcase name="logoDisplayedTest" time="0.000" classname="com.jobget.testcases.LaunchPageTest">
    <skipped/>
  </testcase> <!-- logoDisplayedTest -->
  <system-out/>
  <testcase name="signUpButtonDisplayedTest" time="0.000" classname="com.jobget.testcases.LaunchPageTest">
    <skipped/>
  </testcase> <!-- signUpButtonDisplayedTest -->
  <system-out/>
  <testcase name="loginButtonDisplayedTest" time="0.000" classname="com.jobget.testcases.LaunchPageTest">
    <skipped/>
  </testcase> <!-- loginButtonDisplayedTest -->
  <system-out/>
</testsuite> <!-- com.jobget.testcases.LaunchPageTest -->
